<?xml version="1.0" encoding="UTF-8"?>
<!-- Generated by org.testng.reporters.JUnitXMLReporter -->
<testsuite ignored="1" hostname="DESKTOP-R1731C6" failures="0" tests="5" name="Default test" time="0.268" errors="0" timestamp="2024-03-06T09:46:49 IST">
  <testcase classname="com.sl.DummyTest" name="f2" time="0.012"/>
  <testcase classname="com.sl.DummyTest" name="f5" time="0.006"/>
  <testcase classname="com.sl.DummyTest" name="f6" time="0.012"/>
  <testcase classname="com.sl.DummyTest" name="f4" time="0.004"/>
  <testcase classname="com.sl.DummyTest" name="f1" time="0.007"/>
  <testcase classname="com.sl.DummyTest" name="f3" time="0.0">
    <ignored/>
  </testcase> <!-- f3 -->
</testsuite> <!-- Default test -->
