<?xml version="1.0" encoding="UTF-8"?>
<!-- Generated by org.testng.reporters.JUnitXMLReporter -->
<testsuite ignored="0" hostname="DESKTOP-R1731C6" failures="0" tests="3" name="Test" time="9.559" errors="0" timestamp="2024-03-07T10:25:34 IST">
  <testcase classname="com.sl.GoogleRegistration" name="googleNewAccCreation" time="4.089"/>
  <testcase classname="com.sl.GoogleRegistration" name="googleNewAccCreation" time="2.651"/>
  <testcase classname="com.sl.GoogleRegistration" name="googleNewAccCreation" time="2.678"/>
</testsuite> <!-- Test -->
