<?xml version="1.0" encoding="UTF-8"?>
<!-- Generated by org.testng.reporters.JUnitXMLReporter -->
<testsuite ignored="2" hostname="DESKTOP-R1731C6" failures="0" tests="10" name="Test" time="40.807" errors="0" timestamp="2024-03-06T10:21:25 IST">
  <testcase classname="com.sl.DummyTest" name="f2" time="0.025"/>
  <testcase classname="com.sl.DummyTest" name="f5" time="0.018"/>
  <testcase classname="com.sl.DummyTest" name="f6" time="0.081"/>
  <testcase classname="com.sl.GoogleRegistration" name="googleNewAccCreation" time="6.341"/>
  <testcase classname="com.sl.FBRegistration" name="fbAccount" time="10.305"/>
  <testcase classname="com.sl.GoogleRegistration" name="googleNewAccCreation" time="16.639"/>
  <testcase classname="com.sl.GoogleRegistration" name="googleNewAccCreation" time="5.348"/>
  <testcase classname="com.sl.GoogleSearch" name="searchGoogleAndTestTitleText" time="10.292"/>
  <testcase classname="com.sl.DummyTest" name="f4" time="0.002"/>
  <testcase classname="com.sl.DummyTest" name="f1" time="0.002"/>
  <testcase classname="com.sl.GoogleSearch" name="testGoogleSearchTextFeildContainsFlowers" time="0.0">
    <ignored/>
  </testcase> <!-- testGoogleSearchTextFeildContainsFlowers -->
  <testcase classname="com.sl.DummyTest" name="f3" time="0.0">
    <ignored/>
  </testcase> <!-- f3 -->
</testsuite> <!-- Test -->
