<?xml version="1.0" encoding="UTF-8"?>
<!-- Generated by org.testng.reporters.JUnitXMLReporter -->
<testsuite ignored="7" hostname="DESKTOP-R1731C6" failures="1" tests="3" name="Test" time="0.346" errors="0" timestamp="2024-03-06T09:48:08 IST">
  <testcase classname="com.sl.DummyTest" name="f2" time="0.028"/>
  <testcase classname="com.sl.GoogleSearch" name="searchGoogleAndTestTitleText" time="0.035">
    <failure type="java.lang.NullPointerException" message="Cannot invoke &amp;quot;org.openqa.selenium.WebDriver.get(String)&amp;quot; because &amp;quot;this.driver&amp;quot; is null">
      <![CDATA[java.lang.NullPointerException: Cannot invoke "org.openqa.selenium.WebDriver.get(String)" because "this.driver" is null
at com.sl.GoogleSearch.searchGoogleAndTestTitleText(GoogleSearch.java:90)
at java.base/java.util.concurrent.ThreadPoolExecutor.runWorker(ThreadPoolExecutor.java:1136)
at java.base/java.util.concurrent.ThreadPoolExecutor$Worker.run(ThreadPoolExecutor.java:635)
at java.base/java.lang.Thread.run(Thread.java:840)
... Removed 12 stack frames]]>
    </failure>
  </testcase> <!-- searchGoogleAndTestTitleText -->
  <testcase classname="com.sl.DummyTest" name="f5" time="0.032"/>
  <testcase classname="com.sl.DummyTest" name="f1" time="0.0">
    <ignored/>
  </testcase> <!-- f1 -->
  <testcase classname="com.sl.FBRegistration" name="fbAccount" time="0.0">
    <ignored/>
  </testcase> <!-- fbAccount -->
  <testcase classname="com.sl.GoogleRegistration" name="googleNewAccCreation" time="0.0">
    <ignored/>
  </testcase> <!-- googleNewAccCreation -->
  <testcase classname="com.sl.DummyTest" name="f4" time="0.0">
    <ignored/>
  </testcase> <!-- f4 -->
  <testcase classname="com.sl.DummyTest" name="f6" time="0.0">
    <ignored/>
  </testcase> <!-- f6 -->
  <testcase classname="com.sl.GoogleSearch" name="testGoogleSearchTextFeildContainsFlowers" time="0.0">
    <ignored/>
  </testcase> <!-- testGoogleSearchTextFeildContainsFlowers -->
  <testcase classname="com.sl.DummyTest" name="f3" time="0.0">
    <ignored/>
  </testcase> <!-- f3 -->
</testsuite> <!-- Test -->
