<?xml version="1.0" encoding="UTF-8"?>
<testng-results ignored="0" total="1" passed="1" failed="0" skipped="0">
  <reporter-output>
  </reporter-output>
  <suite started-at="2024-03-05T11:32:23 IST" name="Default suite" finished-at="2024-03-05T11:32:29 IST" duration-ms="6837">
    <groups>
    </groups>
    <test started-at="2024-03-05T11:32:23 IST" name="Default test" finished-at="2024-03-05T11:32:29 IST" duration-ms="6837">
      <class name="com.sl.GoogleSearch">
        <test-method signature="searchGoogleAndTestTitleText()[pri:0, instance:com.sl.GoogleSearch@5cf8edcf]" started-at="2024-03-05T11:32:23 IST" name="searchGoogleAndTestTitleText" finished-at="2024-03-05T11:32:29 IST" duration-ms="6600" status="PASS">
          <reporter-output>
          </reporter-output>
        </test-method> <!-- searchGoogleAndTestTitleText -->
      </class> <!-- com.sl.GoogleSearch -->
    </test> <!-- Default test -->
  </suite> <!-- Default suite -->
</testng-results>
